[2026-03-31 14:59:17.773]  INFO 18228 --- [kground-preinit] o.h.v.i.u.Version                        : HV000001: Hibernate Validator 8.0.3.Final
[2026-03-31 14:59:17.801]  INFO 18228 --- [  restartedMain] k.c.c.CloudStudyApplication              : Starting CloudStudyApplication using Java 21.0.9 with PID 18228 (C:\CloudProject-spring\bin\main started by adminn in C:\CloudProject-spring)
[2026-03-31 14:59:17.804]  INFO 18228 --- [  restartedMain] k.c.c.CloudStudyApplication              : No active profile set, falling back to 1 default profile: "default"
[2026-03-31 14:59:17.832]  INFO 18228 --- [  restartedMain] .e.DevToolsPropertyDefaultsPostProcessor : Devtools property defaults active! Set 'spring.devtools.add-properties' to 'false' to disable
[2026-03-31 14:59:17.832]  INFO 18228 --- [  restartedMain] .e.DevToolsPropertyDefaultsPostProcessor : For additional web related logging consider setting the 'logging.level.web' property to 'DEBUG'
[2026-03-31 14:59:18.307]  INFO 18228 --- [  restartedMain] .s.d.r.c.RepositoryConfigurationDelegate : Bootstrapping Spring Data JPA repositories in DEFAULT mode.
[2026-03-31 14:59:18.356]  INFO 18228 --- [  restartedMain] .s.d.r.c.RepositoryConfigurationDelegate : Finished Spring Data repository scanning in 44 ms. Found 4 JPA repository interfaces.
[2026-03-31 14:59:18.696]  INFO 18228 --- [  restartedMain] o.s.b.w.e.t.TomcatWebServer              : Tomcat initialized with port 8080 (http)
[2026-03-31 14:59:18.704]  INFO 18228 --- [  restartedMain] o.a.c.h.Http11NioProtocol                : Initializing ProtocolHandler ["http-nio-8080"]
[2026-03-31 14:59:18.704]  INFO 18228 --- [  restartedMain] o.a.c.c.StandardService                  : Starting service [Tomcat]
[2026-03-31 14:59:18.705]  INFO 18228 --- [  restartedMain] o.a.c.c.StandardEngine                   : Starting Servlet engine: [Apache Tomcat/10.1.50]
[2026-03-31 14:59:18.736]  INFO 18228 --- [  restartedMain] o.a.c.c.C.[.[.[/]                        : Initializing Spring embedded WebApplicationContext
[2026-03-31 14:59:18.736]  INFO 18228 --- [  restartedMain] w.s.c.ServletWebServerApplicationContext : Root WebApplicationContext: initialization completed in 904 ms
[2026-03-31 14:59:18.837]  INFO 18228 --- [  restartedMain] c.z.h.HikariDataSource                   : HikariPool-1 - Starting...
[2026-03-31 14:59:19.025]  INFO 18228 --- [  restartedMain] c.z.h.p.HikariPool                       : HikariPool-1 - Added connection com.mysql.cj.jdbc.ConnectionImpl@6594d813
[2026-03-31 14:59:19.027]  INFO 18228 --- [  restartedMain] c.z.h.HikariDataSource                   : HikariPool-1 - Start completed.
[2026-03-31 14:59:19.049]  INFO 18228 --- [  restartedMain] o.h.j.i.u.LogHelper                      : HHH000204: Processing PersistenceUnitInfo [name: default]
[2026-03-31 14:59:19.081]  INFO 18228 --- [  restartedMain] o.h.Version                              : HHH000412: Hibernate ORM core version 6.6.41.Final
[2026-03-31 14:59:19.102]  INFO 18228 --- [  restartedMain] o.h.c.i.RegionFactoryInitiator           : HHH000026: Second-level cache disabled
[2026-03-31 14:59:19.285]  INFO 18228 --- [  restartedMain] o.s.o.j.p.SpringPersistenceUnitInfo      : No LoadTimeWeaver setup: ignoring JPA class transformer
[2026-03-31 14:59:19.337]  WARN 18228 --- [  restartedMain] o.h.o.deprecation                        : HHH90000025: MySQLDialect does not need to be specified explicitly using 'hibernate.dialect' (remove the property setting and it will be selected by default)
[2026-03-31 14:59:19.346]  INFO 18228 --- [  restartedMain] o.h.o.c.pooling                          : HHH10001005: Database info:
	Database JDBC URL [Connecting through datasource 'HikariDataSource (HikariPool-1)']
	Database driver: undefined/unknown
	Database version: 8.0.45
	Autocommit mode: undefined/unknown
	Isolation level: undefined/unknown
	Minimum pool size: undefined/unknown
	Maximum pool size: undefined/unknown
[2026-03-31 14:59:19.908]  INFO 18228 --- [  restartedMain] o.h.e.t.j.p.i.JtaPlatformInitiator       : HHH000489: No JTA platform available (set 'hibernate.transaction.jta.platform' to enable JTA platform integration)
[2026-03-31 14:59:19.911]  INFO 18228 --- [  restartedMain] j.LocalContainerEntityManagerFactoryBean : Initialized JPA EntityManagerFactory for persistence unit 'default'
[2026-03-31 14:59:20.187]  WARN 18228 --- [  restartedMain] JpaBaseConfiguration$JpaWebConfiguration : spring.jpa.open-in-view is enabled by default. Therefore, database queries may be performed during view rendering. Explicitly configure spring.jpa.open-in-view to disable this warning
[2026-03-31 14:59:20.208]  INFO 18228 --- [  restartedMain] r$InitializeUserDetailsManagerConfigurer : Global AuthenticationManager configured with UserDetailsService bean with name customUserDetailsService
[2026-03-31 14:59:20.410]  WARN 18228 --- [  restartedMain] ion$DefaultTemplateResolverConfiguration : Cannot find template location: classpath:/templates/ (please add some templates, check your Thymeleaf configuration, or set spring.thymeleaf.check-template-location=false)
[2026-03-31 14:59:20.557]  INFO 18228 --- [  restartedMain] o.s.b.d.a.OptionalLiveReloadServer       : LiveReload server is running on port 35729
[2026-03-31 14:59:20.572]  INFO 18228 --- [  restartedMain] o.a.c.h.Http11NioProtocol                : Starting ProtocolHandler ["http-nio-8080"]
[2026-03-31 14:59:20.584]  INFO 18228 --- [  restartedMain] o.s.b.w.e.t.TomcatWebServer              : Tomcat started on port 8080 (http) with context path '/'
[2026-03-31 14:59:20.589]  INFO 18228 --- [  restartedMain] k.c.c.CloudStudyApplication              : Started CloudStudyApplication in 3.079 seconds (process running for 3.648)
[2026-03-31 14:59:30.304]  INFO 18228 --- [nio-8080-exec-1] o.a.c.c.C.[.[.[/]                        : Initializing Spring DispatcherServlet 'dispatcherServlet'
[2026-03-31 14:59:30.305]  INFO 18228 --- [nio-8080-exec-1] o.s.w.s.DispatcherServlet                : Initializing Servlet 'dispatcherServlet'
[2026-03-31 14:59:30.306]  INFO 18228 --- [nio-8080-exec-1] o.s.w.s.DispatcherServlet                : Completed initialization in 0 ms
[2026-03-31 14:59:30.332]  INFO 18228 --- [nio-8080-exec-2] k.c.c.a.j.JwtAuthenticationFilter        : Authorization Header = null
