[2026-03-31 17:17:27.754]  INFO 10916 --- [   File Watcher] rtingClassPathChangeChangedEventListener : Restarting due to 1 class path change (0 additions, 0 deletions, 1 modification)
[2026-03-31 17:17:27.759]  INFO 10916 --- [       Thread-5] o.s.b.w.e.t.GracefulShutdown             : Commencing graceful shutdown. Waiting for active requests to complete
[2026-03-31 17:17:27.759]  INFO 10916 --- [tomcat-shutdown] o.a.c.h.Http11NioProtocol                : Pausing ProtocolHandler ["http-nio-8080"]
[2026-03-31 17:17:27.765]  INFO 10916 --- [tomcat-shutdown] o.s.b.w.e.t.GracefulShutdown             : Graceful shutdown complete
[2026-03-31 17:17:27.765]  INFO 10916 --- [       Thread-5] o.a.c.h.Http11NioProtocol                : Stopping ProtocolHandler ["http-nio-8080"]
[2026-03-31 17:17:27.781]  INFO 10916 --- [       Thread-5] j.LocalContainerEntityManagerFactoryBean : Closing JPA EntityManagerFactory for persistence unit 'default'
[2026-03-31 17:17:27.782]  INFO 10916 --- [       Thread-5] c.z.h.HikariDataSource                   : HikariPool-1 - Shutdown initiated...
[2026-03-31 17:17:27.790]  INFO 10916 --- [       Thread-5] c.z.h.HikariDataSource                   : HikariPool-1 - Shutdown completed.
[2026-03-31 17:17:27.880]  INFO 10916 --- [  restartedMain] k.c.c.CloudStudyApplication              : Starting CloudStudyApplication using Java 21.0.9 with PID 10916 (C:\CloudProject-spring\bin\main started by adminn in C:\CloudProject-spring)
[2026-03-31 17:17:27.880]  INFO 10916 --- [  restartedMain] k.c.c.CloudStudyApplication              : No active profile set, falling back to 1 default profile: "default"
[2026-03-31 17:17:28.063]  INFO 10916 --- [  restartedMain] .s.d.r.c.RepositoryConfigurationDelegate : Multiple Spring Data modules found, entering strict repository configuration mode
[2026-03-31 17:17:28.063]  INFO 10916 --- [  restartedMain] .s.d.r.c.RepositoryConfigurationDelegate : Bootstrapping Spring Data JPA repositories in DEFAULT mode.
[2026-03-31 17:17:28.084]  INFO 10916 --- [  restartedMain] .s.d.r.c.RepositoryConfigurationDelegate : Finished Spring Data repository scanning in 21 ms. Found 4 JPA repository interfaces.
[2026-03-31 17:17:28.087]  INFO 10916 --- [  restartedMain] .s.d.r.c.RepositoryConfigurationDelegate : Multiple Spring Data modules found, entering strict repository configuration mode
[2026-03-31 17:17:28.087]  INFO 10916 --- [  restartedMain] .s.d.r.c.RepositoryConfigurationDelegate : Bootstrapping Spring Data Redis repositories in DEFAULT mode.
[2026-03-31 17:17:28.093]  INFO 10916 --- [  restartedMain] .RepositoryConfigurationExtensionSupport : Spring Data Redis - Could not safely identify store assignment for repository candidate interface kr.co.cloudStudy.attendance.repository.AttendanceRepository; If you want this repository to be a Redis repository, consider annotating your entities with one of these annotations: org.springframework.data.redis.core.RedisHash (preferred), or consider extending one of the following types with your repository: org.springframework.data.keyvalue.repository.KeyValueRepository
[2026-03-31 17:17:28.093]  INFO 10916 --- [  restartedMain] .RepositoryConfigurationExtensionSupport : Spring Data Redis - Could not safely identify store assignment for repository candidate interface kr.co.cloudStudy.auth.repository.RefreshTokenRepository; If you want this repository to be a Redis repository, consider annotating your entities with one of these annotations: org.springframework.data.redis.core.RedisHash (preferred), or consider extending one of the following types with your repository: org.springframework.data.keyvalue.repository.KeyValueRepository
[2026-03-31 17:17:28.093]  INFO 10916 --- [  restartedMain] .RepositoryConfigurationExtensionSupport : Spring Data Redis - Could not safely identify store assignment for repository candidate interface kr.co.cloudStudy.department.repository.DepartmentRepository; If you want this repository to be a Redis repository, consider annotating your entities with one of these annotations: org.springframework.data.redis.core.RedisHash (preferred), or consider extending one of the following types with your repository: org.springframework.data.keyvalue.repository.KeyValueRepository
[2026-03-31 17:17:28.094]  INFO 10916 --- [  restartedMain] .RepositoryConfigurationExtensionSupport : Spring Data Redis - Could not safely identify store assignment for repository candidate interface kr.co.cloudStudy.employee.repository.EmployeeRepository; If you want this repository to be a Redis repository, consider annotating your entities with one of these annotations: org.springframework.data.redis.core.RedisHash (preferred), or consider extending one of the following types with your repository: org.springframework.data.keyvalue.repository.KeyValueRepository
[2026-03-31 17:17:28.094]  INFO 10916 --- [  restartedMain] .s.d.r.c.RepositoryConfigurationDelegate : Finished Spring Data repository scanning in 5 ms. Found 0 Redis repository interfaces.
[2026-03-31 17:17:28.174]  INFO 10916 --- [  restartedMain] o.s.b.w.e.t.TomcatWebServer              : Tomcat initialized with port 8080 (http)
[2026-03-31 17:17:28.176]  INFO 10916 --- [  restartedMain] o.a.c.h.Http11NioProtocol                : Initializing ProtocolHandler ["http-nio-8080"]
[2026-03-31 17:17:28.176]  INFO 10916 --- [  restartedMain] o.a.c.c.StandardService                  : Starting service [Tomcat]
[2026-03-31 17:17:28.176]  INFO 10916 --- [  restartedMain] o.a.c.c.StandardEngine                   : Starting Servlet engine: [Apache Tomcat/10.1.50]
[2026-03-31 17:17:28.193]  INFO 10916 --- [  restartedMain] o.a.c.c.C.[.[.[/]                        : Initializing Spring embedded WebApplicationContext
[2026-03-31 17:17:28.193]  INFO 10916 --- [  restartedMain] w.s.c.ServletWebServerApplicationContext : Root WebApplicationContext: initialization completed in 311 ms
[2026-03-31 17:17:28.228]  INFO 10916 --- [  restartedMain] c.z.h.HikariDataSource                   : HikariPool-2 - Starting...
[2026-03-31 17:17:28.240]  INFO 10916 --- [  restartedMain] c.z.h.p.HikariPool                       : HikariPool-2 - Added connection com.mysql.cj.jdbc.ConnectionImpl@758c5203
[2026-03-31 17:17:28.241]  INFO 10916 --- [  restartedMain] c.z.h.HikariDataSource                   : HikariPool-2 - Start completed.
[2026-03-31 17:17:28.242]  INFO 10916 --- [  restartedMain] o.h.j.i.u.LogHelper                      : HHH000204: Processing PersistenceUnitInfo [name: default]
[2026-03-31 17:17:28.243]  INFO 10916 --- [  restartedMain] o.h.c.i.RegionFactoryInitiator           : HHH000026: Second-level cache disabled
[2026-03-31 17:17:28.248]  INFO 10916 --- [  restartedMain] o.s.o.j.p.SpringPersistenceUnitInfo      : No LoadTimeWeaver setup: ignoring JPA class transformer
[2026-03-31 17:17:28.251]  WARN 10916 --- [  restartedMain] o.h.o.deprecation                        : HHH90000025: MySQLDialect does not need to be specified explicitly using 'hibernate.dialect' (remove the property setting and it will be selected by default)
[2026-03-31 17:17:28.251]  INFO 10916 --- [  restartedMain] o.h.o.c.pooling                          : HHH10001005: Database info:
	Database JDBC URL [Connecting through datasource 'HikariDataSource (HikariPool-2)']
	Database driver: undefined/unknown
	Database version: 8.0.45
	Autocommit mode: undefined/unknown
	Isolation level: undefined/unknown
	Minimum pool size: undefined/unknown
	Maximum pool size: undefined/unknown
[2026-03-31 17:17:28.313]  INFO 10916 --- [  restartedMain] o.h.e.t.j.p.i.JtaPlatformInitiator       : HHH000489: No JTA platform available (set 'hibernate.transaction.jta.platform' to enable JTA platform integration)
[2026-03-31 17:17:28.314]  INFO 10916 --- [  restartedMain] j.LocalContainerEntityManagerFactoryBean : Initialized JPA EntityManagerFactory for persistence unit 'default'
[2026-03-31 17:17:28.411]  WARN 10916 --- [  restartedMain] JpaBaseConfiguration$JpaWebConfiguration : spring.jpa.open-in-view is enabled by default. Therefore, database queries may be performed during view rendering. Explicitly configure spring.jpa.open-in-view to disable this warning
[2026-03-31 17:17:28.418]  INFO 10916 --- [  restartedMain] r$InitializeUserDetailsManagerConfigurer : Global AuthenticationManager configured with UserDetailsService bean with name customUserDetailsService
[2026-03-31 17:17:28.494]  WARN 10916 --- [  restartedMain] ion$DefaultTemplateResolverConfiguration : Cannot find template location: classpath:/templates/ (please add some templates, check your Thymeleaf configuration, or set spring.thymeleaf.check-template-location=false)
[2026-03-31 17:17:28.575]  INFO 10916 --- [  restartedMain] o.s.b.d.a.OptionalLiveReloadServer       : LiveReload server is running on port 35729
[2026-03-31 17:17:28.583]  INFO 10916 --- [  restartedMain] o.a.c.h.Http11NioProtocol                : Starting ProtocolHandler ["http-nio-8080"]
[2026-03-31 17:17:28.586]  INFO 10916 --- [  restartedMain] o.s.b.w.e.t.TomcatWebServer              : Tomcat started on port 8080 (http) with context path '/'
[2026-03-31 17:17:28.589]  INFO 10916 --- [  restartedMain] k.c.c.CloudStudyApplication              : Started CloudStudyApplication in 0.753 seconds (process running for 769.827)
[2026-03-31 17:17:28.591]  INFO 10916 --- [  restartedMain] .ConditionEvaluationDeltaLoggingListener : Condition evaluation unchanged
