[2026-03-31 16:50:56.410]  INFO 6932 --- [kground-preinit] o.h.v.i.u.Version                        : HV000001: Hibernate Validator 8.0.3.Final
[2026-03-31 16:50:56.441]  INFO 6932 --- [  restartedMain] k.c.c.CloudStudyApplication              : Starting CloudStudyApplication using Java 21.0.9 with PID 6932 (C:\CloudProject-spring\bin\main started by adminn in C:\CloudProject-spring)
[2026-03-31 16:50:56.444]  INFO 6932 --- [  restartedMain] k.c.c.CloudStudyApplication              : No active profile set, falling back to 1 default profile: "default"
[2026-03-31 16:50:56.472]  INFO 6932 --- [  restartedMain] .e.DevToolsPropertyDefaultsPostProcessor : Devtools property defaults active! Set 'spring.devtools.add-properties' to 'false' to disable
[2026-03-31 16:50:56.472]  INFO 6932 --- [  restartedMain] .e.DevToolsPropertyDefaultsPostProcessor : For additional web related logging consider setting the 'logging.level.web' property to 'DEBUG'
[2026-03-31 16:50:57.137]  INFO 6932 --- [  restartedMain] .s.d.r.c.RepositoryConfigurationDelegate : Multiple Spring Data modules found, entering strict repository configuration mode
[2026-03-31 16:50:57.139]  INFO 6932 --- [  restartedMain] .s.d.r.c.RepositoryConfigurationDelegate : Bootstrapping Spring Data JPA repositories in DEFAULT mode.
[2026-03-31 16:50:57.289]  INFO 6932 --- [  restartedMain] .s.d.r.c.RepositoryConfigurationDelegate : Finished Spring Data repository scanning in 142 ms. Found 4 JPA repository interfaces.
[2026-03-31 16:50:57.304]  INFO 6932 --- [  restartedMain] .s.d.r.c.RepositoryConfigurationDelegate : Multiple Spring Data modules found, entering strict repository configuration mode
[2026-03-31 16:50:57.304]  INFO 6932 --- [  restartedMain] .s.d.r.c.RepositoryConfigurationDelegate : Bootstrapping Spring Data Redis repositories in DEFAULT mode.
[2026-03-31 16:50:57.320]  INFO 6932 --- [  restartedMain] .RepositoryConfigurationExtensionSupport : Spring Data Redis - Could not safely identify store assignment for repository candidate interface kr.co.cloudStudy.attendance.repository.AttendanceRepository; If you want this repository to be a Redis repository, consider annotating your entities with one of these annotations: org.springframework.data.redis.core.RedisHash (preferred), or consider extending one of the following types with your repository: org.springframework.data.keyvalue.repository.KeyValueRepository
[2026-03-31 16:50:57.320]  INFO 6932 --- [  restartedMain] .RepositoryConfigurationExtensionSupport : Spring Data Redis - Could not safely identify store assignment for repository candidate interface kr.co.cloudStudy.auth.repository.RefreshTokenRepository; If you want this repository to be a Redis repository, consider annotating your entities with one of these annotations: org.springframework.data.redis.core.RedisHash (preferred), or consider extending one of the following types with your repository: org.springframework.data.keyvalue.repository.KeyValueRepository
[2026-03-31 16:50:57.321]  INFO 6932 --- [  restartedMain] .RepositoryConfigurationExtensionSupport : Spring Data Redis - Could not safely identify store assignment for repository candidate interface kr.co.cloudStudy.department.repository.DepartmentRepository; If you want this repository to be a Redis repository, consider annotating your entities with one of these annotations: org.springframework.data.redis.core.RedisHash (preferred), or consider extending one of the following types with your repository: org.springframework.data.keyvalue.repository.KeyValueRepository
[2026-03-31 16:50:57.321]  INFO 6932 --- [  restartedMain] .RepositoryConfigurationExtensionSupport : Spring Data Redis - Could not safely identify store assignment for repository candidate interface kr.co.cloudStudy.employee.repository.EmployeeRepository; If you want this repository to be a Redis repository, consider annotating your entities with one of these annotations: org.springframework.data.redis.core.RedisHash (preferred), or consider extending one of the following types with your repository: org.springframework.data.keyvalue.repository.KeyValueRepository
[2026-03-31 16:50:57.322]  INFO 6932 --- [  restartedMain] .s.d.r.c.RepositoryConfigurationDelegate : Finished Spring Data repository scanning in 9 ms. Found 0 Redis repository interfaces.
[2026-03-31 16:50:57.779]  INFO 6932 --- [  restartedMain] o.s.b.w.e.t.TomcatWebServer              : Tomcat initialized with port 8080 (http)
[2026-03-31 16:50:57.792]  INFO 6932 --- [  restartedMain] o.a.c.h.Http11NioProtocol                : Initializing ProtocolHandler ["http-nio-8080"]
[2026-03-31 16:50:57.793]  INFO 6932 --- [  restartedMain] o.a.c.c.StandardService                  : Starting service [Tomcat]
[2026-03-31 16:50:57.793]  INFO 6932 --- [  restartedMain] o.a.c.c.StandardEngine                   : Starting Servlet engine: [Apache Tomcat/10.1.50]
[2026-03-31 16:50:57.839]  INFO 6932 --- [  restartedMain] o.a.c.c.C.[.[.[/]                        : Initializing Spring embedded WebApplicationContext
[2026-03-31 16:50:57.840]  INFO 6932 --- [  restartedMain] w.s.c.ServletWebServerApplicationContext : Root WebApplicationContext: initialization completed in 1367 ms
[2026-03-31 16:50:57.970]  INFO 6932 --- [  restartedMain] c.z.h.HikariDataSource                   : HikariPool-1 - Starting...
[2026-03-31 16:50:58.295]  INFO 6932 --- [  restartedMain] c.z.h.p.HikariPool                       : HikariPool-1 - Added connection com.mysql.cj.jdbc.ConnectionImpl@241bd73f
[2026-03-31 16:50:58.297]  INFO 6932 --- [  restartedMain] c.z.h.HikariDataSource                   : HikariPool-1 - Start completed.
[2026-03-31 16:50:58.326]  INFO 6932 --- [  restartedMain] o.h.j.i.u.LogHelper                      : HHH000204: Processing PersistenceUnitInfo [name: default]
[2026-03-31 16:50:58.381]  INFO 6932 --- [  restartedMain] o.h.Version                              : HHH000412: Hibernate ORM core version 6.6.41.Final
[2026-03-31 16:50:58.417]  INFO 6932 --- [  restartedMain] o.h.c.i.RegionFactoryInitiator           : HHH000026: Second-level cache disabled
[2026-03-31 16:50:58.692]  INFO 6932 --- [  restartedMain] o.s.o.j.p.SpringPersistenceUnitInfo      : No LoadTimeWeaver setup: ignoring JPA class transformer
[2026-03-31 16:50:58.768]  WARN 6932 --- [  restartedMain] o.h.o.deprecation                        : HHH90000025: MySQLDialect does not need to be specified explicitly using 'hibernate.dialect' (remove the property setting and it will be selected by default)
[2026-03-31 16:50:58.782]  INFO 6932 --- [  restartedMain] o.h.o.c.pooling                          : HHH10001005: Database info:
	Database JDBC URL [Connecting through datasource 'HikariDataSource (HikariPool-1)']
	Database driver: undefined/unknown
	Database version: 8.0.45
	Autocommit mode: undefined/unknown
	Isolation level: undefined/unknown
	Minimum pool size: undefined/unknown
	Maximum pool size: undefined/unknown
[2026-03-31 16:50:59.457]  INFO 6932 --- [  restartedMain] o.h.e.t.j.p.i.JtaPlatformInitiator       : HHH000489: No JTA platform available (set 'hibernate.transaction.jta.platform' to enable JTA platform integration)
[2026-03-31 16:50:59.459]  INFO 6932 --- [  restartedMain] j.LocalContainerEntityManagerFactoryBean : Initialized JPA EntityManagerFactory for persistence unit 'default'
